2021-04-25 15:08:02,617 INFO o.a.j.u.JMeterUtils: Setting Locale to en_EN
2021-04-25 15:08:02,887 INFO o.a.j.JMeter: Loading user properties from: /home/mahdi/apache-jmeter-5.3/bin/user.properties
2021-04-25 15:08:02,900 INFO o.a.j.JMeter: Loading system properties from: /home/mahdi/apache-jmeter-5.3/bin/system.properties
2021-04-25 15:08:02,901 INFO o.a.j.JMeter: Setting JMeter property: tg.not=20
2021-04-25 15:08:02,901 INFO o.a.j.JMeter: Setting JMeter property: tg.rup=12
2021-04-25 15:08:02,902 INFO o.a.j.JMeter: Setting JMeter property: tg.lc=1
2021-04-25 15:08:02,902 INFO o.a.j.JMeter: Setting JMeter property: google=1
2021-04-25 15:08:02,902 INFO o.a.j.JMeter: Setting JMeter property: url=www.google.com
2021-04-25 15:08:02,904 INFO o.a.j.JMeter: Copyright (c) 1998-2020 The Apache Software Foundation
2021-04-25 15:08:02,904 INFO o.a.j.JMeter: Version 5.3
2021-04-25 15:08:02,905 INFO o.a.j.JMeter: java.version=11.0.10
2021-04-25 15:08:02,905 INFO o.a.j.JMeter: java.vm.name=OpenJDK 64-Bit Server VM
2021-04-25 15:08:02,905 INFO o.a.j.JMeter: os.name=Linux
2021-04-25 15:08:02,905 INFO o.a.j.JMeter: os.arch=amd64
2021-04-25 15:08:02,905 INFO o.a.j.JMeter: os.version=5.8.0-38-generic
2021-04-25 15:08:02,905 INFO o.a.j.JMeter: file.encoding=UTF-8
2021-04-25 15:08:02,905 INFO o.a.j.JMeter: java.awt.headless=true
2021-04-25 15:08:02,906 INFO o.a.j.JMeter: Max memory     =1073741824
2021-04-25 15:08:02,906 INFO o.a.j.JMeter: Available Processors =4
2021-04-25 15:08:02,939 INFO o.a.j.JMeter: Default Locale=English (EN)
2021-04-25 15:08:02,939 INFO o.a.j.JMeter: JMeter  Locale=English (EN)
2021-04-25 15:08:02,939 INFO o.a.j.JMeter: JMeterHome=/home/mahdi/apache-jmeter-5.3
2021-04-25 15:08:02,940 INFO o.a.j.JMeter: user.dir  =/home/mahdi/ansible/first_project
2021-04-25 15:08:02,940 INFO o.a.j.JMeter: PWD       =/home/mahdi/ansible/first_project
2021-04-25 15:08:02,940 INFO o.a.j.JMeter: IP: 127.0.1.1 Name: mahdi-X556UR FullName: mahdi-X556UR
2021-04-25 15:08:02,979 INFO o.a.j.s.FileServer: Default base='/home/mahdi/ansible/first_project'
2021-04-25 15:08:02,994 INFO o.a.j.s.FileServer: Set new base='/home/mahdi/ansible/first_project'
2021-04-25 15:08:03,641 INFO o.a.j.s.SaveService: Testplan (JMX) version: 2.2. Testlog (JTL) version: 2.2
2021-04-25 15:08:03,902 INFO o.a.j.s.SaveService: Using SaveService properties version 5.0
2021-04-25 15:08:03,909 INFO o.a.j.s.SaveService: Using SaveService properties file encoding UTF-8
2021-04-25 15:08:03,915 INFO o.a.j.s.SaveService: Loading file: sampad_http_request.jmx
2021-04-25 15:08:05,093 INFO o.a.j.p.h.s.HTTPSamplerBase: Parser for text/html is org.apache.jmeter.protocol.http.parser.LagartoBasedHtmlParser
2021-04-25 15:08:05,094 INFO o.a.j.p.h.s.HTTPSamplerBase: Parser for application/xhtml+xml is org.apache.jmeter.protocol.http.parser.LagartoBasedHtmlParser
2021-04-25 15:08:05,094 INFO o.a.j.p.h.s.HTTPSamplerBase: Parser for application/xml is org.apache.jmeter.protocol.http.parser.LagartoBasedHtmlParser
2021-04-25 15:08:05,094 INFO o.a.j.p.h.s.HTTPSamplerBase: Parser for text/xml is org.apache.jmeter.protocol.http.parser.LagartoBasedHtmlParser
2021-04-25 15:08:05,094 INFO o.a.j.p.h.s.HTTPSamplerBase: Parser for text/vnd.wap.wml is org.apache.jmeter.protocol.http.parser.RegexpHTMLParser
2021-04-25 15:08:05,094 INFO o.a.j.p.h.s.HTTPSamplerBase: Parser for text/css is org.apache.jmeter.protocol.http.parser.CssParser
2021-04-25 15:08:05,259 INFO o.a.j.JMeter: Creating summariser <summary>
2021-04-25 15:08:05,264 INFO o.a.j.e.StandardJMeterEngine: Running the test!
2021-04-25 15:08:05,274 INFO o.a.j.s.SampleEvent: List of sample_variables: []
2021-04-25 15:08:05,275 INFO o.a.j.s.SampleEvent: List of sample_variables: []
2021-04-25 15:08:05,318 INFO o.a.j.e.u.CompoundVariable: Note: Function class names must contain the string: '.functions.'
2021-04-25 15:08:05,319 INFO o.a.j.e.u.CompoundVariable: Note: Function class names must not contain the string: '.gui.'
2021-04-25 15:08:05,520 INFO o.a.j.JMeter: Running test (1619347085520)
2021-04-25 15:08:05,553 INFO o.a.j.e.StandardJMeterEngine: Starting ThreadGroup: 1 : Thread Group
2021-04-25 15:08:05,554 INFO o.a.j.e.StandardJMeterEngine: Starting 20 threads for group Thread Group.
2021-04-25 15:08:05,554 INFO o.a.j.e.StandardJMeterEngine: Thread will continue on error
2021-04-25 15:08:05,554 INFO o.a.j.t.ThreadGroup: Starting thread group... number=1 threads=20 ramp-up=12 delayedStart=true
2021-04-25 15:08:05,555 INFO o.a.j.t.ThreadGroup: Started thread group number 1
2021-04-25 15:08:05,556 INFO o.a.j.e.StandardJMeterEngine: All thread groups have been started
2021-04-25 15:08:05,585 INFO o.a.j.t.JMeterThread: Thread started: Thread Group 1-1
2021-04-25 15:08:05,921 INFO o.a.j.p.h.s.HTTPHCAbstractImpl: Local host = mahdi-X556UR
2021-04-25 15:08:05,948 INFO o.a.j.p.h.s.HTTPHC4Impl: HTTP request retry count = 0
2021-04-25 15:08:05,950 INFO o.a.j.s.SampleResult: Note: Sample TimeStamps are START times
2021-04-25 15:08:05,951 INFO o.a.j.s.SampleResult: sampleresult.default.encoding is set to ISO-8859-1
2021-04-25 15:08:05,951 INFO o.a.j.s.SampleResult: sampleresult.useNanoTime=true
2021-04-25 15:08:05,951 INFO o.a.j.s.SampleResult: sampleresult.nanoThreadSleep=5000
2021-04-25 15:08:06,214 INFO o.a.j.t.JMeterThread: Thread started: Thread Group 1-2
2021-04-25 15:08:06,850 INFO o.a.j.t.JMeterThread: Thread started: Thread Group 1-3
2021-04-25 15:08:07,484 INFO o.a.j.t.JMeterThread: Thread started: Thread Group 1-4
2021-04-25 15:08:07,737 INFO o.a.j.p.h.s.h.LazyLayeredConnectionSocketFactory: Setting up HTTPS TrustAll Socket Factory
2021-04-25 15:08:07,778 INFO o.a.j.u.JsseSSLManager: Using default SSL protocol: TLS
2021-04-25 15:08:07,778 INFO o.a.j.u.JsseSSLManager: SSL session context: per-thread
2021-04-25 15:08:08,119 INFO o.a.j.t.JMeterThread: Thread started: Thread Group 1-5
2021-04-25 15:08:08,666 INFO o.a.j.u.SSLManager: JmeterKeyStore Location:  type JKS
2021-04-25 15:08:08,685 INFO o.a.j.u.SSLManager: KeyStore created OK
2021-04-25 15:08:08,685 WARN o.a.j.u.SSLManager: Keystore file not found, loading empty keystore
2021-04-25 15:08:08,748 INFO o.a.j.t.JMeterThread: Thread started: Thread Group 1-6
2021-04-25 15:08:09,377 INFO o.a.j.t.JMeterThread: Thread started: Thread Group 1-7
2021-04-25 15:08:10,012 INFO o.a.j.t.JMeterThread: Thread started: Thread Group 1-8
2021-04-25 15:08:10,646 INFO o.a.j.t.JMeterThread: Thread started: Thread Group 1-9
2021-04-25 15:08:11,272 INFO o.a.j.t.JMeterThread: Thread started: Thread Group 1-10
2021-04-25 15:08:11,900 INFO o.a.j.t.JMeterThread: Thread started: Thread Group 1-11
2021-04-25 15:08:12,229 INFO o.a.j.t.JMeterThread: Thread is done: Thread Group 1-5
2021-04-25 15:08:12,229 INFO o.a.j.t.JMeterThread: Thread is done: Thread Group 1-4
2021-04-25 15:08:12,229 INFO o.a.j.t.JMeterThread: Thread is done: Thread Group 1-6
2021-04-25 15:08:12,229 INFO o.a.j.t.JMeterThread: Thread is done: Thread Group 1-3
2021-04-25 15:08:12,230 INFO o.a.j.t.JMeterThread: Thread finished: Thread Group 1-5
2021-04-25 15:08:12,230 INFO o.a.j.t.JMeterThread: Thread finished: Thread Group 1-3
2021-04-25 15:08:12,230 INFO o.a.j.t.JMeterThread: Thread finished: Thread Group 1-4
2021-04-25 15:08:12,231 INFO o.a.j.t.JMeterThread: Thread finished: Thread Group 1-6
2021-04-25 15:08:12,232 INFO o.a.j.t.JMeterThread: Thread is done: Thread Group 1-1
2021-04-25 15:08:12,232 INFO o.a.j.t.JMeterThread: Thread finished: Thread Group 1-1
2021-04-25 15:08:12,270 INFO o.a.j.t.JMeterThread: Thread is done: Thread Group 1-9
2021-04-25 15:08:12,270 INFO o.a.j.t.JMeterThread: Thread finished: Thread Group 1-9
2021-04-25 15:08:12,297 INFO o.a.j.t.JMeterThread: Thread is done: Thread Group 1-7
2021-04-25 15:08:12,297 INFO o.a.j.t.JMeterThread: Thread is done: Thread Group 1-2
2021-04-25 15:08:12,298 INFO o.a.j.t.JMeterThread: Thread finished: Thread Group 1-7
2021-04-25 15:08:12,300 INFO o.a.j.t.JMeterThread: Thread finished: Thread Group 1-2
2021-04-25 15:08:12,304 INFO o.a.j.t.JMeterThread: Thread is done: Thread Group 1-8
2021-04-25 15:08:12,305 INFO o.a.j.t.JMeterThread: Thread finished: Thread Group 1-8
2021-04-25 15:08:12,385 INFO o.a.j.t.JMeterThread: Thread is done: Thread Group 1-10
2021-04-25 15:08:12,386 INFO o.a.j.t.JMeterThread: Thread finished: Thread Group 1-10
2021-04-25 15:08:12,558 INFO o.a.j.t.JMeterThread: Thread started: Thread Group 1-12
2021-04-25 15:08:13,166 INFO o.a.j.t.JMeterThread: Thread started: Thread Group 1-13
2021-04-25 15:08:13,257 INFO o.a.j.t.JMeterThread: Thread is done: Thread Group 1-11
2021-04-25 15:08:13,257 INFO o.a.j.t.JMeterThread: Thread finished: Thread Group 1-11
2021-04-25 15:08:13,769 INFO o.a.j.t.JMeterThread: Thread is done: Thread Group 1-12
2021-04-25 15:08:13,770 INFO o.a.j.t.JMeterThread: Thread finished: Thread Group 1-12
2021-04-25 15:08:13,801 INFO o.a.j.t.JMeterThread: Thread started: Thread Group 1-14
2021-04-25 15:08:14,056 INFO o.a.j.t.JMeterThread: Thread is done: Thread Group 1-13
2021-04-25 15:08:14,056 INFO o.a.j.t.JMeterThread: Thread finished: Thread Group 1-13
2021-04-25 15:08:14,428 INFO o.a.j.t.JMeterThread: Thread started: Thread Group 1-15
2021-04-25 15:08:15,058 INFO o.a.j.t.JMeterThread: Thread started: Thread Group 1-16
2021-04-25 15:08:15,685 INFO o.a.j.t.JMeterThread: Thread started: Thread Group 1-17
2021-04-25 15:08:16,062 INFO o.a.j.t.JMeterThread: Thread is done: Thread Group 1-14
2021-04-25 15:08:16,062 INFO o.a.j.t.JMeterThread: Thread finished: Thread Group 1-14
2021-04-25 15:08:16,161 INFO o.a.j.t.JMeterThread: Thread is done: Thread Group 1-15
2021-04-25 15:08:16,161 INFO o.a.j.t.JMeterThread: Thread finished: Thread Group 1-15
2021-04-25 15:08:16,314 INFO o.a.j.t.JMeterThread: Thread started: Thread Group 1-18
2021-04-25 15:08:16,935 INFO o.a.j.t.JMeterThread: Thread started: Thread Group 1-19
2021-04-25 15:08:17,401 INFO o.a.j.t.JMeterThread: Thread is done: Thread Group 1-16
2021-04-25 15:08:17,402 INFO o.a.j.t.JMeterThread: Thread finished: Thread Group 1-16
2021-04-25 15:08:17,561 INFO o.a.j.t.JMeterThread: Thread started: Thread Group 1-20
2021-04-25 15:08:17,830 INFO o.a.j.t.JMeterThread: Thread is done: Thread Group 1-18
2021-04-25 15:08:17,830 INFO o.a.j.t.JMeterThread: Thread finished: Thread Group 1-18
2021-04-25 15:08:17,878 INFO o.a.j.t.JMeterThread: Thread is done: Thread Group 1-17
2021-04-25 15:08:17,878 INFO o.a.j.t.JMeterThread: Thread finished: Thread Group 1-17
2021-04-25 15:08:18,117 INFO o.a.j.t.JMeterThread: Thread is done: Thread Group 1-19
2021-04-25 15:08:18,117 INFO o.a.j.t.JMeterThread: Thread finished: Thread Group 1-19
2021-04-25 15:08:19,071 INFO o.a.j.t.JMeterThread: Thread is done: Thread Group 1-20
2021-04-25 15:08:19,072 INFO o.a.j.t.JMeterThread: Thread finished: Thread Group 1-20
2021-04-25 15:08:19,074 INFO o.a.j.e.StandardJMeterEngine: Notifying test listeners of end of test
2021-04-25 15:08:19,097 INFO o.a.j.r.Summariser: summary =     20 in 00:00:14 =    1.5/s Avg:  2680 Min:   878 Max:  6074 Err:     0 (0.00%)
